[  7%] Building CXX object CMakeFiles/opiqo-gtk3.dir/src/gtk3/PluginDialog.cpp.o
[ 14%] Building CXX object CMakeFiles/opiqo-gtk3.dir/src/gtk3/MainWindow.cpp.o
[ 21%] Building CXX object CMakeFiles/opiqo-gtk3.dir/src/gtk3/PluginSlot.cpp.o
[ 28%] Building CXX object CMakeFiles/opiqo-gtk3.dir/src/gtk3/ControlBar.cpp.o
[ 35%] Building CXX object CMakeFiles/opiqo-gtk3.dir/src/gtk3/ParameterPanel.cpp.o
In file included from /home/djshaji/projects/opiqo-linux/src/gtk3/ParameterPanel.h:12,
                 from /home/djshaji/projects/opiqo-linux/src/gtk3/PluginSlot.h:10,
                 from /home/djshaji/projects/opiqo-linux/src/gtk3/PluginSlot.cpp:3:
/home/djshaji/projects/opiqo-linux/src/LV2Plugin.hpp: In constructor ‘LV2Plugin::LV2Plugin(LilvWorld*, LilvPlugin*, double, uint32_t)’:
/home/djshaji/projects/opiqo-linux/src/LV2Plugin.hpp:1722:17: warning: ‘LV2Plugin::plugin_’ will be initialized after [-Wreorder]
 1722 |     LilvPlugin* plugin_;
      |                 ^~~~~~~
/home/djshaji/projects/opiqo-linux/src/LV2Plugin.hpp:1717:12: warning:   ‘double LV2Plugin::sample_rate_’ [-Wreorder]
 1717 |     double sample_rate_;
      |            ^~~~~~~~~~~~
/home/djshaji/projects/opiqo-linux/src/LV2Plugin.hpp:447:5: warning:   when initialized here [-Wreorder]
  447 |     LV2Plugin(LilvWorld* world, LilvPlugin* plugin, double sample_rate, uint32_t max_block_length)
      |     ^~~~~~~~~
/home/djshaji/projects/opiqo-linux/src/LV2Plugin.hpp:1718:14: warning: ‘LV2Plugin::max_block_length_’ will be initialized after [-Wreorder]
 1718 |     uint32_t max_block_length_;
      |              ^~~~~~~~~~~~~~~~~
/home/djshaji/projects/opiqo-linux/src/LV2Plugin.hpp:1713:19: warning:   ‘LilvInstance* LV2Plugin::instance_’ [-Wreorder]
 1713 |     LilvInstance* instance_;
      |                   ^~~~~~~~~
/home/djshaji/projects/opiqo-linux/src/LV2Plugin.hpp:447:5: warning:   when initialized here [-Wreorder]
  447 |     LV2Plugin(LilvWorld* world, LilvPlugin* plugin, double sample_rate, uint32_t max_block_length)
      |     ^~~~~~~~~
/home/djshaji/projects/opiqo-linux/src/LV2Plugin.hpp: In constructor ‘LV2Plugin::LV2Plugin(LilvWorld*, const char*, double, uint32_t)’:
/home/djshaji/projects/opiqo-linux/src/LV2Plugin.hpp:1722:17: warning: ‘LV2Plugin::plugin_’ will be initialized after [-Wreorder]
 1722 |     LilvPlugin* plugin_;
      |                 ^~~~~~~
/home/djshaji/projects/opiqo-linux/src/LV2Plugin.hpp:1717:12: warning:   ‘double LV2Plugin::sample_rate_’ [-Wreorder]
 1717 |     double sample_rate_;
      |            ^~~~~~~~~~~~
/home/djshaji/projects/opiqo-linux/src/LV2Plugin.hpp:456:5: warning:   when initialized here [-Wreorder]
  456 |     LV2Plugin(LilvWorld* world, const char* plugin_uri, double sample_rate, uint32_t max_block_length)
      |     ^~~~~~~~~
/home/djshaji/projects/opiqo-linux/src/LV2Plugin.hpp:1718:14: warning: ‘LV2Plugin::max_block_length_’ will be initialized after [-Wreorder]
 1718 |     uint32_t max_block_length_;
      |              ^~~~~~~~~~~~~~~~~
/home/djshaji/projects/opiqo-linux/src/LV2Plugin.hpp:1713:19: warning:   ‘LilvInstance* LV2Plugin::instance_’ [-Wreorder]
 1713 |     LilvInstance* instance_;
      |                   ^~~~~~~~~
/home/djshaji/projects/opiqo-linux/src/LV2Plugin.hpp:456:5: warning:   when initialized here [-Wreorder]
  456 |     LV2Plugin(LilvWorld* world, const char* plugin_uri, double sample_rate, uint32_t max_block_length)
      |     ^~~~~~~~~
/home/djshaji/projects/opiqo-linux/src/LV2Plugin.hpp: In member function ‘bool LV2Plugin::saveState(const std::string&)’:
/home/djshaji/projects/opiqo-linux/src/LV2Plugin.hpp:1051:57: warning: cast between incompatible function types from ‘void (*)(const char*, void*, const void*, uint32_t, uint32_t)’ {aka ‘void (*)(const char*, void*, const void*, unsigned int, unsigned int)’} to ‘LilvGetPortValueFunc’ {aka ‘const void* (*)(const char*, void*, unsigned int*, unsigned int*)’} [-Wcast-function-type]
 1051 |                                                         reinterpret_cast<LilvGetPortValueFunc>(set_port_value), this,
      |                                                         ^~~~~~~~~~~~~~~~~~~~~~~~~~~~~~~~~~~~~~~~~~~~~~~~~~~~~~
In file included from /home/djshaji/projects/opiqo-linux/src/LiveEffectEngine.h:31,
                 from /home/djshaji/projects/opiqo-linux/src/gtk3/MainWindow.h:19,
                 from /home/djshaji/projects/opiqo-linux/src/gtk3/MainWindow.cpp:3:
/home/djshaji/projects/opiqo-linux/src/LV2Plugin.hpp: In constructor ‘LV2Plugin::LV2Plugin(LilvWorld*, LilvPlugin*, double, uint32_t)’:
/home/djshaji/projects/opiqo-linux/src/LV2Plugin.hpp:1722:17: warning: ‘LV2Plugin::plugin_’ will be initialized after [-Wreorder]
 1722 |     LilvPlugin* plugin_;
      |                 ^~~~~~~
/home/djshaji/projects/opiqo-linux/src/LV2Plugin.hpp:1717:12: warning:   ‘double LV2Plugin::sample_rate_’ [-Wreorder]
 1717 |     double sample_rate_;
      |            ^~~~~~~~~~~~
/home/djshaji/projects/opiqo-linux/src/LV2Plugin.hpp:447:5: warning:   when initialized here [-Wreorder]
  447 |     LV2Plugin(LilvWorld* world, LilvPlugin* plugin, double sample_rate, uint32_t max_block_length)
      |     ^~~~~~~~~
/home/djshaji/projects/opiqo-linux/src/LV2Plugin.hpp:1718:14: warning: ‘LV2Plugin::max_block_length_’ will be initialized after [-Wreorder]
 1718 |     uint32_t max_block_length_;
      |              ^~~~~~~~~~~~~~~~~
/home/djshaji/projects/opiqo-linux/src/LV2Plugin.hpp:1713:19: warning:   ‘LilvInstance* LV2Plugin::instance_’ [-Wreorder]
 1713 |     LilvInstance* instance_;
      |                   ^~~~~~~~~
/home/djshaji/projects/opiqo-linux/src/LV2Plugin.hpp:447:5: warning:   when initialized here [-Wreorder]
  447 |     LV2Plugin(LilvWorld* world, LilvPlugin* plugin, double sample_rate, uint32_t max_block_length)
      |     ^~~~~~~~~
/home/djshaji/projects/opiqo-linux/src/LV2Plugin.hpp: In constructor ‘LV2Plugin::LV2Plugin(LilvWorld*, const char*, double, uint32_t)’:
/home/djshaji/projects/opiqo-linux/src/LV2Plugin.hpp:1722:17: warning: ‘LV2Plugin::plugin_’ will be initialized after [-Wreorder]
 1722 |     LilvPlugin* plugin_;
      |                 ^~~~~~~
/home/djshaji/projects/opiqo-linux/src/LV2Plugin.hpp:1717:12: warning:   ‘double LV2Plugin::sample_rate_’ [-Wreorder]
 1717 |     double sample_rate_;
      |            ^~~~~~~~~~~~
/home/djshaji/projects/opiqo-linux/src/LV2Plugin.hpp:456:5: warning:   when initialized here [-Wreorder]
  456 |     LV2Plugin(LilvWorld* world, const char* plugin_uri, double sample_rate, uint32_t max_block_length)
      |     ^~~~~~~~~
/home/djshaji/projects/opiqo-linux/src/LV2Plugin.hpp:1718:14: warning: ‘LV2Plugin::max_block_length_’ will be initialized after [-Wreorder]
 1718 |     uint32_t max_block_length_;
      |              ^~~~~~~~~~~~~~~~~
/home/djshaji/projects/opiqo-linux/src/LV2Plugin.hpp:1713:19: warning:   ‘LilvInstance* LV2Plugin::instance_’ [-Wreorder]
 1713 |     LilvInstance* instance_;
      |                   ^~~~~~~~~
/home/djshaji/projects/opiqo-linux/src/LV2Plugin.hpp:456:5: warning:   when initialized here [-Wreorder]
  456 |     LV2Plugin(LilvWorld* world, const char* plugin_uri, double sample_rate, uint32_t max_block_length)
      |     ^~~~~~~~~
/home/djshaji/projects/opiqo-linux/src/gtk3/PluginDialog.cpp: In member function ‘void PluginDialog::onConfirm()’:
/home/djshaji/projects/opiqo-linux/src/gtk3/PluginDialog.cpp:175:24: error: ‘gtk_list_box_row_get_child’ was not declared in this scope; did you mean ‘gtk_list_box_row_get_type’?
  175 |     GtkWidget* child = gtk_list_box_row_get_child(row);
      |                        ^~~~~~~~~~~~~~~~~~~~~~~~~~
      |                        gtk_list_box_row_get_type
/home/djshaji/projects/opiqo-linux/src/LV2Plugin.hpp: In member function ‘bool LV2Plugin::saveState(const std::string&)’:
/home/djshaji/projects/opiqo-linux/src/LV2Plugin.hpp:1051:57: warning: cast between incompatible function types from ‘void (*)(const char*, void*, const void*, uint32_t, uint32_t)’ {aka ‘void (*)(const char*, void*, const void*, unsigned int, unsigned int)’} to ‘LilvGetPortValueFunc’ {aka ‘const void* (*)(const char*, void*, unsigned int*, unsigned int*)’} [-Wcast-function-type]
 1051 |                                                         reinterpret_cast<LilvGetPortValueFunc>(set_port_value), this,
      |                                                         ^~~~~~~~~~~~~~~~~~~~~~~~~~~~~~~~~~~~~~~~~~~~~~~~~~~~~~
gmake[2]: *** [CMakeFiles/opiqo-gtk3.dir/build.make:177: CMakeFiles/opiqo-gtk3.dir/src/gtk3/PluginDialog.cpp.o] Error 1
gmake[2]: *** Waiting for unfinished jobs....
In file included from /home/djshaji/projects/opiqo-linux/src/gtk3/ParameterPanel.h:12,
                 from /home/djshaji/projects/opiqo-linux/src/gtk3/ParameterPanel.cpp:3:
/home/djshaji/projects/opiqo-linux/src/LV2Plugin.hpp: In constructor ‘LV2Plugin::LV2Plugin(LilvWorld*, LilvPlugin*, double, uint32_t)’:
/home/djshaji/projects/opiqo-linux/src/LV2Plugin.hpp:1722:17: warning: ‘LV2Plugin::plugin_’ will be initialized after [-Wreorder]
 1722 |     LilvPlugin* plugin_;
      |                 ^~~~~~~
/home/djshaji/projects/opiqo-linux/src/LV2Plugin.hpp:1717:12: warning:   ‘double LV2Plugin::sample_rate_’ [-Wreorder]
 1717 |     double sample_rate_;
      |            ^~~~~~~~~~~~
/home/djshaji/projects/opiqo-linux/src/LV2Plugin.hpp:447:5: warning:   when initialized here [-Wreorder]
  447 |     LV2Plugin(LilvWorld* world, LilvPlugin* plugin, double sample_rate, uint32_t max_block_length)
      |     ^~~~~~~~~
/home/djshaji/projects/opiqo-linux/src/LV2Plugin.hpp:1718:14: warning: ‘LV2Plugin::max_block_length_’ will be initialized after [-Wreorder]
 1718 |     uint32_t max_block_length_;
      |              ^~~~~~~~~~~~~~~~~
/home/djshaji/projects/opiqo-linux/src/LV2Plugin.hpp:1713:19: warning:   ‘LilvInstance* LV2Plugin::instance_’ [-Wreorder]
 1713 |     LilvInstance* instance_;
      |                   ^~~~~~~~~
/home/djshaji/projects/opiqo-linux/src/LV2Plugin.hpp:447:5: warning:   when initialized here [-Wreorder]
  447 |     LV2Plugin(LilvWorld* world, LilvPlugin* plugin, double sample_rate, uint32_t max_block_length)
      |     ^~~~~~~~~
/home/djshaji/projects/opiqo-linux/src/LV2Plugin.hpp: In constructor ‘LV2Plugin::LV2Plugin(LilvWorld*, const char*, double, uint32_t)’:
/home/djshaji/projects/opiqo-linux/src/LV2Plugin.hpp:1722:17: warning: ‘LV2Plugin::plugin_’ will be initialized after [-Wreorder]
 1722 |     LilvPlugin* plugin_;
      |                 ^~~~~~~
/home/djshaji/projects/opiqo-linux/src/LV2Plugin.hpp:1717:12: warning:   ‘double LV2Plugin::sample_rate_’ [-Wreorder]
 1717 |     double sample_rate_;
      |            ^~~~~~~~~~~~
/home/djshaji/projects/opiqo-linux/src/LV2Plugin.hpp:456:5: warning:   when initialized here [-Wreorder]
  456 |     LV2Plugin(LilvWorld* world, const char* plugin_uri, double sample_rate, uint32_t max_block_length)
      |     ^~~~~~~~~
/home/djshaji/projects/opiqo-linux/src/LV2Plugin.hpp:1718:14: warning: ‘LV2Plugin::max_block_length_’ will be initialized after [-Wreorder]
 1718 |     uint32_t max_block_length_;
      |              ^~~~~~~~~~~~~~~~~
/home/djshaji/projects/opiqo-linux/src/LV2Plugin.hpp:1713:19: warning:   ‘LilvInstance* LV2Plugin::instance_’ [-Wreorder]
 1713 |     LilvInstance* instance_;
      |                   ^~~~~~~~~
/home/djshaji/projects/opiqo-linux/src/LV2Plugin.hpp:456:5: warning:   when initialized here [-Wreorder]
  456 |     LV2Plugin(LilvWorld* world, const char* plugin_uri, double sample_rate, uint32_t max_block_length)
      |     ^~~~~~~~~
/home/djshaji/projects/opiqo-linux/src/LV2Plugin.hpp: In member function ‘bool LV2Plugin::saveState(const std::string&)’:
/home/djshaji/projects/opiqo-linux/src/LV2Plugin.hpp:1051:57: warning: cast between incompatible function types from ‘void (*)(const char*, void*, const void*, uint32_t, uint32_t)’ {aka ‘void (*)(const char*, void*, const void*, unsigned int, unsigned int)’} to ‘LilvGetPortValueFunc’ {aka ‘const void* (*)(const char*, void*, unsigned int*, unsigned int*)’} [-Wcast-function-type]
 1051 |                                                         reinterpret_cast<LilvGetPortValueFunc>(set_port_value), this,
      |                                                         ^~~~~~~~~~~~~~~~~~~~~~~~~~~~~~~~~~~~~~~~~~~~~~~~~~~~~~
